using System;
using System.Collections.Generic;
using System.Linq;
using System.Text;
using System.Threading.Tasks;

namespace SportsBar.UnitTests.test_results
{
    class UnitTestResults
    {
    }
}
